<?xml version="1.0" encoding="UTF-8"?>
<!-- Generated by org.testng.reporters.JUnitReportReporter -->
<testsuite hostname="DESKTOP-9ER1FJU" failures="0" tests="1" name="poojaPrabhuraj.tests.StandAloneOrder" time="13.571" errors="0" timestamp="2024-05-31T01:47:20 IST" skipped="0">
  <testcase classname="poojaPrabhuraj.tests.StandAloneOrder" name="SubmitOrder" time="13.571"/>
</testsuite> <!-- poojaPrabhuraj.tests.StandAloneOrder -->
