<?xml version="1.0" encoding="UTF-8"?>
<!-- Generated by org.testng.reporters.JUnitReportReporter -->
<testsuite hostname="DESKTOP-9ER1FJU" failures="0" tests="1" name="cucumber.TestNGTestRunner" time="13.993" errors="0" timestamp="2024-06-05T09:33:34 IST" skipped="0">
  <testcase classname="cucumber.TestNGTestRunner" name="runScenario" time="13.993"/>
</testsuite> <!-- cucumber.TestNGTestRunner -->
